
ROM used:   48/1024 (5%)
            48/1024 (5%) including unused fragments

            0.1 Average locations per line
            6.9 Average locations per statement

RAM used:   6/68 (9%) at main() level
            7/68 (10%) worst case

Stack used: 0 worst case (0 in main + 0 for interrupts)
Stack size: 8

Lines Stmts  %   Files
----- ----- ---  -----
   48     7 100  LED2.c
  404     0   0  C:\Program Files (x86)\PICC\Devices\16f84a.h
----- -----
  452     7 Total

Page ROM  %  RAM    Vol Diff  Functions:
---- --- --- ---    --- ----  ----------
0     20  42    1             @delay_ms1
0     24  50    1    156  3.9  main
 Inline         0             @cinit1

Program metrics:
    Functions               1
    Statements              7
    Comments                114
    Volume (V)              160
    Difficulty (D)          3.4
    Effort to implement (E) 550
    Time to implement (T)   1 minutes
    Est Delivered Bugs (B)  0
    Cyclomatic Complexity   2
    Maintainability (MI)    76

 Segment     Used  Free
-----------  ----  ----
00000-00003     4  0  
00004-003FF    44  976  



