

Microchip Technology PIC LITE Macro Assembler V1.45 build -152302408 
                                                                                               Fri Dec 13 23:43:45 2019

Microchip Technology Omniscient Code Generator v1.45 (Free mode) build 201711160504
     1                           	processor	16F84A
     2                           	opt	pw 120
     3                           	opt	lm
     4                           	psect	nvBANK0,global,class=BANK0,space=1,delta=1
     5                           	psect	cinit,global,class=CODE,merge=1,delta=2
     6                           	psect	cstackBANK0,global,class=BANK0,space=1,delta=1
     7                           	psect	maintext,global,class=CODE,split=1,delta=2
     8                           	dabs	1,0x4E,2
     9  0000                     
    10                           ; Version 1.45
    11                           ; Generated 16/11/2017 GMT
    12                           ; 
    13                           ; Copyright © 2017, Microchip Technology Inc. and its subsidiaries ("Microchip")
    14                           ; All rights reserved.
    15                           ; 
    16                           ; This software is developed by Microchip Technology Inc. and its subsidiaries ("Microch
      +                          ip").
    17                           ; 
    18                           ; Redistribution and use in source and binary forms, with or without modification, are
    19                           ; permitted provided that the following conditions are met:
    20                           ; 
    21                           ;     1. Redistributions of source code must retain the above copyright notice, this lis
      +                          t of
    22                           ;        conditions and the following disclaimer.
    23                           ; 
    24                           ;     2. Redistributions in binary form must reproduce the above copyright notice, this 
      +                          list
    25                           ;        of conditions and the following disclaimer in the documentation and/or other
    26                           ;        materials provided with the distribution.
    27                           ; 
    28                           ;     3. Microchip's name may not be used to endorse or promote products derived from th
      +                          is
    29                           ;        software without specific prior written permission.
    30                           ; 
    31                           ; THIS SOFTWARE IS PROVIDED BY MICROCHIP "AS IS" AND ANY EXPRESS OR IMPLIED WARRANTIES,
    32                           ; INCLUDING, BUT NOT LIMITED TO, THE IMPLIED WARRANTIES OF MERCHANTABILITY AND FITNESS F
      +                          OR
    33                           ; PURPOSE ARE DISCLAIMED.  IN NO EVENT SHALL MICROCHIP BE LIABLE FOR ANY DIRECT, INDIREC
      +                          T,
    34                           ; INCIDENTAL, SPECIAL, EXEMPLARY, OR CONSEQUENTIAL DAMAGES (INCLUDING BUT NOT LIMITED TO
    35                           ; PROCUREMENT OF SUBSTITUTE GOODS OR SERVICES; LOSS OF USE, DATA OR PROFITS; OR BUSINESS
    36                           ; INTERRUPTION) HOWSOEVER CAUSED AND ON ANY THEORY OF LIABILITY, WHETHER IN CONTRACT, ST
      +                          RICT
    37                           ; LIABILITY, OR TORT (INCLUDING NEGLIGENCE OR OTHERWISE) ARISING IN ANY WAY OUT OF THE U
      +                          SE OF
    38                           ; THIS SOFTWARE, EVEN IF ADVISED OF THE POSSIBILITY OF SUCH DAMAGE.
    39                           ; 
    40                           ; 
    41                           ; Code-generator required, PIC16F84A Definitions
    42                           ; 
    43                           ; SFR Addresses
    44  0000                     	;# 
    45  0001                     	;# 
    46  0002                     	;# 
    47  0003                     	;# 
    48  0004                     	;# 
    49  0005                     	;# 
    50  0006                     	;# 
    51  0008                     	;# 
    52  0009                     	;# 
    53  000A                     	;# 
    54  000B                     	;# 
    55  0081                     	;# 
    56  0085                     	;# 
    57  0086                     	;# 
    58  0088                     	;# 
    59  0089                     	;# 
    60                           
    61                           	psect	nvBANK0
    62  000F                     __pnvBANK0:	
    63  000F                     _i:	
    64  000F                     	ds	2
    65  0006                     _PORTB	set	6
    66  0086                     _TRISB	set	134
    67                           
    68                           ; #config settings
    69  0000                     
    70                           	psect	cinit
    71  03FE                     start_initialization:	
    72  03FE                     __initialization:	
    73  03FE                     end_of_initialization:	
    74                           ;End of C runtime variable initialization code
    75                           
    76  03FE                     __end_of__initialization:	
    77  03FE  0183               	clrf	3
    78  03FF  2BD6               	ljmp	_main	;jump to C main() function
    79                           
    80                           	psect	cstackBANK0
    81  000C                     __pcstackBANK0:	
    82  000C                     ?_main:	
    83  000C                     ??_main:	
    84                           ; 1 bytes @ 0x0
    85                           
    86                           
    87                           ; 1 bytes @ 0x0
    88  000C                     	ds	3
    89                           
    90                           	psect	maintext
    91  03D6                     __pmaintext:	
    92 ;;
    93 ;;Main: autosize = 0, tempsize = 3, incstack = 0, save=0
    94 ;;
    95 ;; *************** function _main *****************
    96 ;; Defined at:
    97 ;;		line 30 in file "main.c"
    98 ;; Parameters:    Size  Location     Type
    99 ;;		None
   100 ;; Auto vars:     Size  Location     Type
   101 ;;		None
   102 ;; Return value:  Size  Location     Type
   103 ;;                  1    wreg      void 
   104 ;; Registers used:
   105 ;;		wreg, status,2, btemp+1
   106 ;; Tracked objects:
   107 ;;		On entry : B00/0
   108 ;;		On exit  : 0/0
   109 ;;		Unchanged: 0/0
   110 ;; Data sizes:     COMMON   BANK0
   111 ;;      Params:         0       0
   112 ;;      Locals:         0       0
   113 ;;      Temps:          0       3
   114 ;;      Totals:         0       3
   115 ;;Total ram usage:        3 bytes
   116 ;; This function calls:
   117 ;;		Nothing
   118 ;; This function is called by:
   119 ;;		Startup code after reset
   120 ;; This function uses a non-reentrant model
   121 ;;
   122                           
   123                           
   124                           ;psect for function _main
   125  03D6                     _main:	
   126                           
   127                           ;main.c: 32: TRISB = 0x00;
   128                           
   129                           ;incstack = 0
   130                           ; Regs used in _main: [wreg+status,2+btemp+1]
   131  03D6  1683               	bsf	3,5	;RP0=1, select bank1
   132  03D7  0186               	clrf	6	;volatile
   133  03D8                     l13:	
   134                           ;main.c: 34: do{
   135                           
   136                           
   137                           ;main.c: 36: for(i=0; i<=255; ++i){
   138  03D8  1283               	bcf	3,5	;RP0=0, select bank0
   139  03D9  018F               	clrf	_i
   140  03DA  0190               	clrf	_i+1
   141  03DB                     L1:	
   142  03DB  0810               	movf	_i+1,w
   143  03DC  3A80               	xorlw	128
   144  03DD  00CF               	movwf	79
   145  03DE  3081               	movlw	129
   146  03DF  024F               	subwf	79,w
   147  03E0  1D03               	skipz
   148  03E1  2BE4               	goto	u35
   149  03E2  3000               	movlw	0
   150  03E3  020F               	subwf	_i,w
   151  03E4                     u35:	
   152  03E4  1803               	btfsc	3,0
   153  03E5  2BD8               	goto	l13
   154                           
   155                           ;main.c: 38: PORTB = i;
   156  03E6  1283               	bcf	3,5	;RP0=0, select bank0
   157  03E7  080F               	movf	_i,w
   158  03E8  0086               	movwf	6	;volatile
   159                           
   160                           ;main.c: 40: _delay((unsigned long)((500)*(4000000/4000.0)));
   161  03E9  3003               	movlw	3
   162  03EA  008E               	movwf	??_main+2
   163  03EB  308A               	movlw	138
   164  03EC  008D               	movwf	??_main+1
   165  03ED  3055               	movlw	85
   166  03EE  008C               	movwf	??_main
   167  03EF                     u57:	
   168  03EF  0B8C               	decfsz	??_main,f
   169  03F0  2BEF               	goto	u57
   170  03F1  0B8D               	decfsz	??_main+1,f
   171  03F2  2BEF               	goto	u57
   172  03F3  0B8E               	decfsz	??_main+2,f
   173  03F4  2BEF               	goto	u57
   174  03F5  2BF6               	nop2
   175  03F6  3001               	movlw	1
   176  03F7  1283               	bcf	3,5	;RP0=0, select bank0
   177  03F8  078F               	addwf	_i,f
   178  03F9  1803               	skipnc
   179  03FA  0A90               	incf	_i+1,f
   180  03FB  3000               	movlw	0
   181  03FC  0790               	addwf	_i+1,f
   182  03FD  2BDB               	goto	L1
   183  03FE                     __end_of_main:	
   184                           ;main.c: 42: }
   185                           ;main.c: 44: }while(1);
   186                           
   187  004E                     btemp	set	78	;btemp
   188  004E                     wtemp0	set	78


Data Sizes:
    Strings     0
    Constant    0
    Data        0
    BSS         0
    Persistent  2
    Stack       0

Auto Spaces:
    Space          Size  Autos    Used
    COMMON            0      0       0
    BANK0            66      3       5

Pointer List with Targets:

    None.

Critical Paths under _main in COMMON

    None.

Critical Paths under _main in BANK0

    None.

Call Graph Tables:

 ---------------------------------------------------------------------------------
 (Depth) Function   	        Calls       Base Space   Used Autos Params    Refs
 ---------------------------------------------------------------------------------
 (0) _main                                                 3     3      0       0
                                              0 BANK0      3     3      0
 ---------------------------------------------------------------------------------
 Estimated maximum stack depth 0
 ---------------------------------------------------------------------------------

 Call Graph Graphs:

 _main (ROOT)

 Address spaces:
Name               Size   Autos  Total    Cost      Usage
BITCOMMON            0      0       0       0        0.0%
EEDATA              40      0       0       0        0.0%
NULL                 0      0       0       0        0.0%
CODE                 0      0       0       0        0.0%
BITSFR0              0      0       0       1        0.0%
SFR0                 0      0       0       1        0.0%
COMMON               0      0       0       1        0.0%
BITSFR1              0      0       0       2        0.0%
SFR1                 0      0       0       2        0.0%
STACK                0      0       0       2        0.0%
BANK0               42      3       5       3        7.6%
ABS                  0      0       5       4        0.0%
BITBANK0            42      0       0       5        0.0%
DATA                 0      0       5       6        0.0%


Microchip Technology PIC Macro Assembler V1.45 build -152302408 
Symbol Table                                                                                   Fri Dec 13 23:43:45 2019

                      _i 000F                       l13 03D8                       u35 03E4  
                     u57 03EF             __CFG_FOSC$XT 0000                     _main 03D6  
                   btemp 004E                     start 0000                    ?_main 000C  
          __CFG_WDTE$OFF 0000                    _PORTB 0006                    _TRISB 0086  
                  status 0003                    wtemp0 004E          __initialization 03FE  
           __end_of_main 03FE                   ??_main 000C  __end_of__initialization 03FE  
             __pmaintext 03D6     end_of_initialization 03FE      start_initialization 03FE  
              ___latbits 0000            __pcstackBANK0 000C                __pnvBANK0 000F  
          __size_of_main 0028  
